::ffff:127.0.0.1 - - [20/Apr/2022:08:45:15 +0000] "GET /api/public HTTP/1.1" 200 45 "-" "Mozilla/5.0 (Windows NT 10.0; Win64; x64; rv:99.0) Gecko/20100101 Firefox/99.0"
::ffff:127.0.0.1 - - [20/Apr/2022:08:45:35 +0000] "GET /api/public/productos HTTP/1.1" 500 1633 "-" "Mozilla/5.0 (Windows NT 10.0; Win64; x64; rv:99.0) Gecko/20100101 Firefox/99.0"
::ffff:127.0.0.1 - - [20/Apr/2022:08:46:20 +0000] "GET /api/public/productos HTTP/1.1" 500 1633 "-" "Mozilla/5.0 (Windows NT 10.0; Win64; x64; rv:99.0) Gecko/20100101 Firefox/99.0"
::ffff:127.0.0.1 - - [20/Apr/2022:08:46:41 +0000] "GET /api/public/productos HTTP/1.1" 500 44 "-" "Mozilla/5.0 (Windows NT 10.0; Win64; x64; rv:99.0) Gecko/20100101 Firefox/99.0"
::ffff:127.0.0.1 - - [20/Apr/2022:08:47:48 +0000] "GET /api/public/productos HTTP/1.1" 200 11574 "-" "Mozilla/5.0 (Windows NT 10.0; Win64; x64; rv:99.0) Gecko/20100101 Firefox/99.0"
::1 - - [20/Apr/2022:17:46:52 +0000] "GET /api HTTP/1.1" 200 1764 "-" "Mozilla/5.0 (Windows NT 10.0; Win64; x64) AppleWebKit/537.36 (KHTML, like Gecko) Chrome/100.0.4896.127 Safari/537.36"
::1 - - [20/Apr/2022:17:47:10 +0000] "GET /api/public/productos/ HTTP/1.1" 200 12054 "-" "Mozilla/5.0 (Windows NT 10.0; Win64; x64) AppleWebKit/537.36 (KHTML, like Gecko) Chrome/100.0.4896.127 Safari/537.36"
::1 - - [20/Apr/2022:17:49:41 +0000] "POST /api/public/productos HTTP/1.1" 200 12054 "-" "PostmanRuntime/7.29.0"
::1 - - [20/Apr/2022:17:49:44 +0000] "POST /api/public/productos/1 HTTP/1.1" 500 1409 "-" "PostmanRuntime/7.29.0"
::1 - - [20/Apr/2022:18:01:00 +0000] "POST /api/public/productos HTTP/1.1" 200 12054 "-" "PostmanRuntime/7.29.0"
::1 - - [20/Apr/2022:18:01:59 +0000] "POST /api/public/productos?id= HTTP/1.1" 200 12054 "-" "PostmanRuntime/7.29.0"
::1 - - [20/Apr/2022:18:02:03 +0000] "POST /api/public/productos HTTP/1.1" 200 12054 "-" "PostmanRuntime/7.29.0"
::1 - - [20/Apr/2022:18:02:06 +0000] "POST /api/public/productos HTTP/1.1" 200 12054 "-" "PostmanRuntime/7.29.0"
::1 - - [20/Apr/2022:18:02:07 +0000] "POST /api/public/productos HTTP/1.1" 200 12054 "-" "PostmanRuntime/7.29.0"
::1 - - [20/Apr/2022:18:03:16 +0000] "POST /api/public/productos?price=109.95 HTTP/1.1" 200 12054 "-" "PostmanRuntime/7.29.0"
::1 - - [20/Apr/2022:18:04:33 +0000] "POST /api/public/productos HTTP/1.1" 200 12054 "-" "PostmanRuntime/7.29.0"
::1 - - [20/Apr/2022:18:04:37 +0000] "POST /api/public/productos?price=109.95 HTTP/1.1" 200 451 "-" "PostmanRuntime/7.29.0"
::1 - - [20/Apr/2022:18:05:01 +0000] "POST /api/public/productos?category=men%27s%20clothing HTTP/1.1" 200 2150 "-" "PostmanRuntime/7.29.0"
::1 - - [20/Apr/2022:18:16:57 +0000] "POST /api/private/user HTTP/1.1" 403 61 "-" "PostmanRuntime/7.29.0"
::1 - - [20/Apr/2022:18:19:24 +0000] "POST /api/private/user HTTP/1.1" 403 54 "-" "PostmanRuntime/7.29.0"
::1 - - [20/Apr/2022:18:20:36 +0000] "POST /api/private/user HTTP/1.1" 403 61 "-" "PostmanRuntime/7.29.0"
::1 - - [20/Apr/2022:18:20:52 +0000] "POST /api/private/user HTTP/1.1" 200 179 "-" "PostmanRuntime/7.29.0"
::1 - - [20/Apr/2022:18:23:19 +0000] "POST /api/private/user HTTP/1.1" 200 179 "-" "PostmanRuntime/7.29.0"
::1 - - [20/Apr/2022:18:23:39 +0000] "POST /api/private/user HTTP/1.1" 200 177 "-" "PostmanRuntime/7.29.0"
::1 - - [20/Apr/2022:18:26:05 +0000] "POST /api/private/user HTTP/1.1" 200 177 "-" "PostmanRuntime/7.29.0"
::1 - - [20/Apr/2022:18:26:18 +0000] "POST /api/login HTTP/1.1" 200 257 "-" "PostmanRuntime/7.29.0"
::1 - - [20/Apr/2022:18:26:37 +0000] "POST /api/private/user HTTP/1.1" 200 208 "-" "PostmanRuntime/7.29.0"
::1 - - [20/Apr/2022:18:31:03 +0000] "POST /api/private/user HTTP/1.1" 200 491 "-" "PostmanRuntime/7.29.0"
::1 - - [20/Apr/2022:18:33:02 +0000] "POST /api/private/user HTTP/1.1" 200 129 "-" "PostmanRuntime/7.29.0"
::1 - - [20/Apr/2022:18:33:16 +0000] "POST /api/private/user HTTP/1.1" 200 121 "-" "PostmanRuntime/7.29.0"
::1 - - [20/Apr/2022:19:35:31 +0000] "POST /api/login HTTP/1.1" 200 257 "-" "PostmanRuntime/7.29.0"
::1 - - [20/Apr/2022:19:35:38 +0000] "POST /api/private/user HTTP/1.1" 200 135 "-" "PostmanRuntime/7.29.0"
