::1 - - [23/Apr/2022:17:38:58 +0000] "POST /api/public/productos HTTP/1.1" 200 7739 "-" "PostmanRuntime/7.29.0"
::1 - - [23/Apr/2022:21:09:53 +0000] "POST /api/private/users HTTP/1.1" 404 157 "-" "PostmanRuntime/7.29.0"
::1 - - [23/Apr/2022:21:10:06 +0000] "GET /api/private/users HTTP/1.1" 200 1764 "-" "PostmanRuntime/7.29.0"
::1 - - [23/Apr/2022:21:10:53 +0000] "GET /api/private/user HTTP/1.1" 200 505 "-" "PostmanRuntime/7.29.0"
::1 - - [23/Apr/2022:21:17:30 +0000] "PUT /api/private/user HTTP/1.1" 200 23 "-" "PostmanRuntime/7.29.0"
::1 - - [23/Apr/2022:21:18:25 +0000] "PUT /api/private/user HTTP/1.1" 200 23 "-" "PostmanRuntime/7.29.0"
::1 - - [23/Apr/2022:21:19:26 +0000] "PUT /api/private/user HTTP/1.1" 200 23 "-" "PostmanRuntime/7.29.0"
::1 - - [23/Apr/2022:21:20:45 +0000] "PUT /api/private/user HTTP/1.1" 200 23 "-" "PostmanRuntime/7.29.0"
::1 - - [23/Apr/2022:21:22:02 +0000] "PUT /api/private/user HTTP/1.1" 200 482 "-" "PostmanRuntime/7.29.0"
::1 - - [23/Apr/2022:21:23:14 +0000] "PUT /api/private/user HTTP/1.1" 404 53 "-" "PostmanRuntime/7.29.0"
::1 - - [23/Apr/2022:21:24:47 +0000] "PUT /api/private/user HTTP/1.1" 200 482 "-" "PostmanRuntime/7.29.0"
::1 - - [23/Apr/2022:21:25:39 +0000] "PUT /api/private/user HTTP/1.1" 200 482 "-" "PostmanRuntime/7.29.0"
::1 - - [23/Apr/2022:21:27:40 +0000] "PUT /api/private/user HTTP/1.1" 200 482 "-" "PostmanRuntime/7.29.0"
::1 - - [23/Apr/2022:21:29:23 +0000] "PUT /api/private/user HTTP/1.1" 200 482 "-" "PostmanRuntime/7.29.0"
::1 - - [23/Apr/2022:21:36:40 +0000] "PUT /api/private/user HTTP/1.1" 200 482 "-" "PostmanRuntime/7.29.0"
::1 - - [23/Apr/2022:21:37:32 +0000] "PUT /api/private/user HTTP/1.1" 404 53 "-" "PostmanRuntime/7.29.0"
::1 - - [23/Apr/2022:21:38:14 +0000] "PUT /api/private/user HTTP/1.1" 404 53 "-" "PostmanRuntime/7.29.0"
::1 - - [23/Apr/2022:21:41:09 +0000] "PUT /api/private/user HTTP/1.1" 404 53 "-" "PostmanRuntime/7.29.0"
::1 - - [23/Apr/2022:21:41:51 +0000] "PUT /api/private/user HTTP/1.1" 404 53 "-" "PostmanRuntime/7.29.0"
::1 - - [23/Apr/2022:21:45:15 +0000] "PUT /api/private/user HTTP/1.1" 404 53 "-" "PostmanRuntime/7.29.0"
::1 - - [23/Apr/2022:21:46:53 +0000] "PUT /api/private/user HTTP/1.1" 404 53 "-" "PostmanRuntime/7.29.0"
::1 - - [23/Apr/2022:21:48:11 +0000] "PUT /api/private/user HTTP/1.1" 404 53 "-" "PostmanRuntime/7.29.0"
::1 - - [23/Apr/2022:21:49:38 +0000] "PUT /api/private/user HTTP/1.1" 404 53 "-" "PostmanRuntime/7.29.0"
::1 - - [23/Apr/2022:21:58:34 +0000] "PUT /api/private/user HTTP/1.1" 404 53 "-" "PostmanRuntime/7.29.0"
