::1 - - [23/Apr/2022:22:00:32 +0000] "PUT /api/private/user HTTP/1.1" 404 53 "-" "PostmanRuntime/7.29.0"
::1 - - [23/Apr/2022:22:01:56 +0000] "PUT /api/private/user HTTP/1.1" 404 53 "-" "PostmanRuntime/7.29.0"
::1 - - [23/Apr/2022:22:02:26 +0000] "PUT /api/private/user HTTP/1.1" 404 53 "-" "PostmanRuntime/7.29.0"
::1 - - [23/Apr/2022:22:05:37 +0000] "PUT /api/private/user HTTP/1.1" 404 53 "-" "PostmanRuntime/7.29.0"
::1 - - [23/Apr/2022:22:06:09 +0000] "PUT /api/private/user HTTP/1.1" 404 53 "-" "PostmanRuntime/7.29.0"
::1 - - [23/Apr/2022:22:07:32 +0000] "PUT /api/private/user HTTP/1.1" 404 53 "-" "PostmanRuntime/7.29.0"
::1 - - [24/Apr/2022:09:22:34 +0000] "POST /api/login HTTP/1.1" 200 261 "-" "PostmanRuntime/7.29.0"
::1 - - [24/Apr/2022:09:23:10 +0000] "GET /api/private/user HTTP/1.1" 200 515 "-" "PostmanRuntime/7.29.0"
::1 - - [24/Apr/2022:09:26:16 +0000] "DELETE /api/private/user HTTP/1.1" 400 47 "-" "PostmanRuntime/7.29.0"
::1 - - [24/Apr/2022:09:28:39 +0000] "DELETE /api/private/user HTTP/1.1" 400 47 "-" "PostmanRuntime/7.29.0"
::1 - - [24/Apr/2022:09:29:34 +0000] "DELETE /api/private/user HTTP/1.1" 200 57 "-" "PostmanRuntime/7.29.0"
::1 - - [24/Apr/2022:09:30:35 +0000] "DELETE /api/private/user HTTP/1.1" 200 57 "-" "PostmanRuntime/7.29.0"
::1 - - [24/Apr/2022:09:32:01 +0000] "PUT /api/private/user HTTP/1.1" 200 526 "-" "PostmanRuntime/7.29.0"
::1 - - [24/Apr/2022:09:35:26 +0000] "PUT /api/private/user HTTP/1.1" 200 526 "-" "PostmanRuntime/7.29.0"
::1 - - [24/Apr/2022:09:35:45 +0000] "DELETE /api/private/user HTTP/1.1" 200 526 "-" "PostmanRuntime/7.29.0"
::1 - - [27/Apr/2022:07:10:16 +0000] "GET / HTTP/1.1" 200 730 "-" "Mozilla/5.0 (Windows NT 10.0; Win64; x64) AppleWebKit/537.36 (KHTML, like Gecko) Chrome/100.0.4896.127 Safari/537.36"
::1 - - [27/Apr/2022:07:10:16 +0000] "GET /static/css/main.0acb2530.css HTTP/1.1" 200 1013 "-" "Mozilla/5.0 (Windows NT 10.0; Win64; x64) AppleWebKit/537.36 (KHTML, like Gecko) Chrome/100.0.4896.127 Safari/537.36"
::1 - - [27/Apr/2022:07:10:16 +0000] "GET /static/js/main.af89a78e.js HTTP/1.1" 200 178500 "-" "Mozilla/5.0 (Windows NT 10.0; Win64; x64) AppleWebKit/537.36 (KHTML, like Gecko) Chrome/100.0.4896.127 Safari/537.36"
::1 - - [27/Apr/2022:07:10:16 +0000] "GET /static/css/main.0acb2530.css.map HTTP/1.1" 200 3321 "-" "Mozilla/5.0 (Windows NT 10.0; Win64; x64) AppleWebKit/537.36 (KHTML, like Gecko) Chrome/100.0.4896.127 Safari/537.36"
::1 - - [27/Apr/2022:07:10:16 +0000] "GET /static/js/main.af89a78e.js.map HTTP/1.1" 200 717749 "-" "Mozilla/5.0 (Windows NT 10.0; Win64; x64) AppleWebKit/537.36 (KHTML, like Gecko) Chrome/100.0.4896.127 Safari/537.36"
::1 - - [27/Apr/2022:07:10:16 +0000] "GET /manifest.json HTTP/1.1" 304 - "-" "Mozilla/5.0 (Windows NT 10.0; Win64; x64) AppleWebKit/537.36 (KHTML, like Gecko) Chrome/100.0.4896.127 Safari/537.36"
::1 - - [27/Apr/2022:07:10:16 +0000] "GET /favicon.ico HTTP/1.1" 304 - "-" "Mozilla/5.0 (Windows NT 10.0; Win64; x64) AppleWebKit/537.36 (KHTML, like Gecko) Chrome/100.0.4896.127 Safari/537.36"
::1 - - [27/Apr/2022:07:10:16 +0000] "GET /logo192.png HTTP/1.1" 304 - "-" "Mozilla/5.0 (Windows NT 10.0; Win64; x64) AppleWebKit/537.36 (KHTML, like Gecko) Chrome/100.0.4896.127 Safari/537.36"
::1 - - [27/Apr/2022:07:10:51 +0000] "POST /api/register HTTP/1.1" 200 267 "-" "Mozilla/5.0 (Windows NT 10.0; Win64; x64) AppleWebKit/537.36 (KHTML, like Gecko) Chrome/100.0.4896.127 Safari/537.36"
